
///////////////////////////////////
// Efinity Synthesis Started 
// May 14, 2022 12:22:34
///////////////////////////////////


///////////////////////////////////
// Efinity Synthesis Started 
// May 14, 2022 12:36:31
///////////////////////////////////


///////////////////////////////////
// Efinity Synthesis Started 
// Jul 29, 2022 18:08:55
///////////////////////////////////


///////////////////////////////////
// Efinity Synthesis Started 
// Jul 29, 2022 18:09:21
///////////////////////////////////


///////////////////////////////////
// Efinity Synthesis Started 
// Jul 29, 2022 18:13:11
///////////////////////////////////


///////////////////////////////////
// Efinity Synthesis Started 
// Jul 29, 2022 18:23:28
///////////////////////////////////


///////////////////////////////////
// Efinity Synthesis Started 
// Jul 29, 2022 18:26:48
///////////////////////////////////


///////////////////////////////////
// Efinity Synthesis Started 
// Jul 29, 2022 18:33:19
///////////////////////////////////

[EFX-0010 VERI-ERROR] syntax error near '(' (VERI-1137) (D:/MIPI_Loopback\mipi_loopback_top.v:634)
[EFX-0010 VERI-ERROR] 'flash_cnt' is not a type (VERI-1281) (D:/MIPI_Loopback\mipi_loopback_top.v:634)
[EFX-0010 VERI-ERROR] module 'mipi_loopback_top' is ignored due to previous errors (VERI-1072) (D:/MIPI_Loopback\mipi_loopback_top.v:660)

///////////////////////////////////
// Efinity Synthesis Started 
// Jul 29, 2022 18:33:34
///////////////////////////////////


///////////////////////////////////
// Efinity Synthesis Started 
// Jul 29, 2022 18:41:10
///////////////////////////////////


///////////////////////////////////
// Efinity Synthesis Started 
// Jul 29, 2022 18:45:33
///////////////////////////////////


///////////////////////////////////
// Efinity Synthesis Started 
// Jul 30, 2022 09:26:16
///////////////////////////////////


///////////////////////////////////
// Efinity Synthesis Started 
// Jul 30, 2022 09:34:43
///////////////////////////////////

[EFX-0010 VERI-ERROR] net 'valid_data' is constantly driven from multiple places (VDB-1000) (D:/MIPI_Loopback\mipi_loopback_top.v:279)
[EFX-0010 VERI-ERROR] found another driver here (VDB-1001) (D:/MIPI_Loopback\mipi_loopback_top.v:277)
[EFX-0021 ERROR] Verific elaboration of module 'mipi_loopback_top' failed.

///////////////////////////////////
// Efinity Synthesis Started 
// Jul 30, 2022 09:35:58
///////////////////////////////////


///////////////////////////////////
// Efinity Synthesis Started 
// Jul 30, 2022 09:43:55
///////////////////////////////////


///////////////////////////////////
// Efinity Synthesis Started 
// Jul 30, 2022 09:47:40
///////////////////////////////////


///////////////////////////////////
// Efinity Synthesis Started 
// Jul 30, 2022 09:58:01
///////////////////////////////////


///////////////////////////////////
// Efinity Synthesis Started 
// Jul 30, 2022 10:03:29
///////////////////////////////////


///////////////////////////////////
// Efinity Synthesis Started 
// Jul 30, 2022 10:08:48
///////////////////////////////////


///////////////////////////////////
// Efinity Synthesis Started 
// Jul 30, 2022 10:28:26
///////////////////////////////////


///////////////////////////////////
// Efinity Synthesis Started 
// Jul 30, 2022 10:31:40
///////////////////////////////////


///////////////////////////////////
// Efinity Synthesis Started 
// Jul 30, 2022 10:35:25
///////////////////////////////////


///////////////////////////////////
// Efinity Synthesis Started 
// Jul 30, 2022 10:37:34
///////////////////////////////////


///////////////////////////////////
// Efinity Synthesis Started 
// Jul 30, 2022 10:42:27
///////////////////////////////////


///////////////////////////////////
// Efinity Synthesis Started 
// Jul 30, 2022 10:45:21
///////////////////////////////////


///////////////////////////////////
// Efinity Synthesis Started 
// Jul 30, 2022 10:50:57
///////////////////////////////////


///////////////////////////////////
// Efinity Synthesis Started 
// Jul 30, 2022 10:55:26
///////////////////////////////////


///////////////////////////////////
// Efinity Synthesis Started 
// Jul 30, 2022 11:01:01
///////////////////////////////////


///////////////////////////////////
// Efinity Synthesis Started 
// Jul 30, 2022 11:11:12
///////////////////////////////////


///////////////////////////////////
// Efinity Synthesis Started 
// Jul 30, 2022 11:11:33
///////////////////////////////////


///////////////////////////////////
// Efinity Synthesis Started 
// Jul 30, 2022 11:19:38
///////////////////////////////////


///////////////////////////////////
// Efinity Synthesis Started 
// Jul 30, 2022 11:25:08
///////////////////////////////////


///////////////////////////////////
// Efinity Synthesis Started 
// Jul 30, 2022 11:30:54
///////////////////////////////////


///////////////////////////////////
// Efinity Synthesis Started 
// Jul 30, 2022 11:48:29
///////////////////////////////////


///////////////////////////////////
// Efinity Synthesis Started 
// Jul 30, 2022 11:52:49
///////////////////////////////////


///////////////////////////////////
// Efinity Synthesis Started 
// Jul 30, 2022 11:55:51
///////////////////////////////////


///////////////////////////////////
// Efinity Synthesis Started 
// Jul 30, 2022 11:59:47
///////////////////////////////////

[EFX-0202 ERROR] Net 'my_mipi_tx_VALID' has multiple drivers. (D:/MIPI_Loopback\mipi_loopback_top.v:46)

///////////////////////////////////
// Efinity Synthesis Started 
// Jul 30, 2022 12:00:26
///////////////////////////////////


///////////////////////////////////
// Efinity Synthesis Started 
// Jul 30, 2022 12:05:01
///////////////////////////////////


///////////////////////////////////
// Efinity Synthesis Started 
// Jul 30, 2022 12:20:25
///////////////////////////////////


///////////////////////////////////
// Efinity Synthesis Started 
// Jul 30, 2022 12:27:25
///////////////////////////////////


///////////////////////////////////
// Efinity Synthesis Started 
// Jul 30, 2022 12:31:55
///////////////////////////////////


///////////////////////////////////
// Efinity Synthesis Started 
// Jul 30, 2022 12:37:24
///////////////////////////////////


///////////////////////////////////
// Efinity Synthesis Started 
// Jul 30, 2022 13:01:06
///////////////////////////////////


///////////////////////////////////
// Efinity Synthesis Started 
// Jul 30, 2022 14:18:49
///////////////////////////////////


///////////////////////////////////
// Efinity Synthesis Started 
// Jul 30, 2022 14:29:10
///////////////////////////////////

[EFX-0010 VERI-ERROR] syntax error near 'assign' (VERI-1137) (D:/MIPI_Loopback\mipi_loopback_top.v:289)
[EFX-0010 VERI-ERROR] Verilog 2000 keyword 'assign' used in incorrect context (VERI-2344) (D:/MIPI_Loopback\mipi_loopback_top.v:289)
[EFX-0010 VERI-ERROR] module 'mipi_loopback_top' is ignored due to previous errors (VERI-1072) (D:/MIPI_Loopback\mipi_loopback_top.v:666)

///////////////////////////////////
// Efinity Synthesis Started 
// Jul 30, 2022 14:29:24
///////////////////////////////////


///////////////////////////////////
// Efinity Synthesis Started 
// Jul 30, 2022 14:37:07
///////////////////////////////////


///////////////////////////////////
// Efinity Synthesis Started 
// Jul 30, 2022 14:41:34
///////////////////////////////////


///////////////////////////////////
// Efinity Synthesis Started 
// Jul 30, 2022 14:50:24
///////////////////////////////////


///////////////////////////////////
// Efinity Synthesis Started 
// Jul 30, 2022 14:50:50
///////////////////////////////////


///////////////////////////////////
// Efinity Synthesis Started 
// Jul 30, 2022 14:55:55
///////////////////////////////////


///////////////////////////////////
// Efinity Synthesis Started 
// Jul 30, 2022 14:59:22
///////////////////////////////////


///////////////////////////////////
// Efinity Synthesis Started 
// Jul 30, 2022 15:03:44
///////////////////////////////////


///////////////////////////////////
// Efinity Synthesis Started 
// Jul 30, 2022 15:14:14
///////////////////////////////////


///////////////////////////////////
// Efinity Synthesis Started 
// Jul 30, 2022 15:14:47
///////////////////////////////////


///////////////////////////////////
// Efinity Synthesis Started 
// Jul 30, 2022 15:15:15
///////////////////////////////////


///////////////////////////////////
// Efinity Synthesis Started 
// Jul 30, 2022 15:19:03
///////////////////////////////////


///////////////////////////////////
// Efinity Synthesis Started 
// Jul 30, 2022 15:22:14
///////////////////////////////////


///////////////////////////////////
// Efinity Synthesis Started 
// Jul 30, 2022 15:24:50
///////////////////////////////////


///////////////////////////////////
// Efinity Synthesis Started 
// Jul 30, 2022 15:28:24
///////////////////////////////////


///////////////////////////////////
// Efinity Synthesis Started 
// Jul 30, 2022 15:36:23
///////////////////////////////////


///////////////////////////////////
// Efinity Synthesis Started 
// Jul 30, 2022 15:45:03
///////////////////////////////////


///////////////////////////////////
// Efinity Synthesis Started 
// Jul 30, 2022 15:47:52
///////////////////////////////////


///////////////////////////////////
// Efinity Synthesis Started 
// Jul 30, 2022 15:50:39
///////////////////////////////////


///////////////////////////////////
// Efinity Synthesis Started 
// Jul 30, 2022 15:53:32
///////////////////////////////////


///////////////////////////////////
// Efinity Synthesis Started 
// Jul 30, 2022 15:59:34
///////////////////////////////////


///////////////////////////////////
// Efinity Synthesis Started 
// Jul 30, 2022 16:03:13
///////////////////////////////////


///////////////////////////////////
// Efinity Synthesis Started 
// Jul 30, 2022 16:06:49
///////////////////////////////////


///////////////////////////////////
// Efinity Synthesis Started 
// Jul 30, 2022 16:11:09
///////////////////////////////////


///////////////////////////////////
// Efinity Synthesis Started 
// Jul 30, 2022 16:18:00
///////////////////////////////////


///////////////////////////////////
// Efinity Synthesis Started 
// Jul 30, 2022 16:23:03
///////////////////////////////////


///////////////////////////////////
// Efinity Synthesis Started 
// Jul 30, 2022 16:38:40
///////////////////////////////////


///////////////////////////////////
// Efinity Synthesis Started 
// Jul 30, 2022 16:42:58
///////////////////////////////////


///////////////////////////////////
// Efinity Synthesis Started 
// Jul 30, 2022 16:46:27
///////////////////////////////////


///////////////////////////////////
// Efinity Synthesis Started 
// Jul 30, 2022 16:48:51
///////////////////////////////////


///////////////////////////////////
// Efinity Synthesis Started 
// Jul 30, 2022 16:52:17
///////////////////////////////////


///////////////////////////////////
// Efinity Synthesis Started 
// Jul 30, 2022 16:58:35
///////////////////////////////////


///////////////////////////////////
// Efinity Synthesis Started 
// Jul 30, 2022 17:02:25
///////////////////////////////////


///////////////////////////////////
// Efinity Synthesis Started 
// Jul 30, 2022 17:06:43
///////////////////////////////////


///////////////////////////////////
// Efinity Synthesis Started 
// Jul 30, 2022 17:09:48
///////////////////////////////////


///////////////////////////////////
// Efinity Synthesis Started 
// Jul 30, 2022 17:13:06
///////////////////////////////////


///////////////////////////////////
// Efinity Synthesis Started 
// Jul 30, 2022 17:19:06
///////////////////////////////////


///////////////////////////////////
// Efinity Synthesis Started 
// Jul 30, 2022 17:27:58
///////////////////////////////////


///////////////////////////////////
// Efinity Synthesis Started 
// Jul 30, 2022 17:31:54
///////////////////////////////////


///////////////////////////////////
// Efinity Synthesis Started 
// Jul 30, 2022 17:36:37
///////////////////////////////////


///////////////////////////////////
// Efinity Synthesis Started 
// Jul 30, 2022 18:54:43
///////////////////////////////////


///////////////////////////////////
// Efinity Synthesis Started 
// Aug 02, 2022 09:48:50
///////////////////////////////////


///////////////////////////////////
// Efinity Synthesis Started 
// Aug 02, 2022 11:01:06
///////////////////////////////////


///////////////////////////////////
// Efinity Synthesis Started 
// Aug 02, 2022 11:05:41
///////////////////////////////////


///////////////////////////////////
// Efinity Synthesis Started 
// Aug 02, 2022 11:09:11
///////////////////////////////////


///////////////////////////////////
// Efinity Synthesis Started 
// Aug 02, 2022 11:12:19
///////////////////////////////////


///////////////////////////////////
// Efinity Synthesis Started 
// Aug 02, 2022 11:20:21
///////////////////////////////////


///////////////////////////////////
// Efinity Synthesis Started 
// Aug 02, 2022 12:41:36
///////////////////////////////////


///////////////////////////////////
// Efinity Synthesis Started 
// Aug 02, 2022 12:54:09
///////////////////////////////////


///////////////////////////////////
// Efinity Synthesis Started 
// Aug 02, 2022 14:20:48
///////////////////////////////////


///////////////////////////////////
// Efinity Synthesis Started 
// Aug 02, 2022 14:32:05
///////////////////////////////////


///////////////////////////////////
// Efinity Synthesis Started 
// Aug 02, 2022 14:35:33
///////////////////////////////////

[EFX-0010 VERI-ERROR] syntax error near '64' (VERI-1137) (D:/MIPI_Loopback\mipi_loopback_top.v:288)
[EFX-0010 VERI-ERROR] module 'mipi_loopback_top' is ignored due to previous errors (VERI-1072) (D:/MIPI_Loopback\mipi_loopback_top.v:666)

///////////////////////////////////
// Efinity Synthesis Started 
// Aug 02, 2022 14:35:51
///////////////////////////////////


///////////////////////////////////
// Efinity Synthesis Started 
// Aug 02, 2022 14:41:05
///////////////////////////////////


///////////////////////////////////
// Efinity Synthesis Started 
// Aug 02, 2022 14:43:57
///////////////////////////////////


///////////////////////////////////
// Efinity Synthesis Started 
// Aug 02, 2022 14:46:54
///////////////////////////////////


///////////////////////////////////
// Efinity Synthesis Started 
// Aug 02, 2022 14:50:50
///////////////////////////////////


///////////////////////////////////
// Efinity Synthesis Started 
// Aug 02, 2022 14:53:32
///////////////////////////////////


///////////////////////////////////
// Efinity Synthesis Started 
// Aug 02, 2022 14:56:15
///////////////////////////////////


///////////////////////////////////
// Efinity Synthesis Started 
// Aug 02, 2022 14:59:33
///////////////////////////////////


///////////////////////////////////
// Efinity Synthesis Started 
// Aug 02, 2022 15:03:04
///////////////////////////////////


///////////////////////////////////
// Efinity Synthesis Started 
// Aug 02, 2022 15:07:08
///////////////////////////////////


///////////////////////////////////
// Efinity Synthesis Started 
// Aug 02, 2022 15:14:39
///////////////////////////////////


///////////////////////////////////
// Efinity Synthesis Started 
// Aug 02, 2022 15:19:04
///////////////////////////////////


///////////////////////////////////
// Efinity Synthesis Started 
// Aug 02, 2022 15:26:12
///////////////////////////////////


///////////////////////////////////
// Efinity Synthesis Started 
// Aug 02, 2022 15:33:00
///////////////////////////////////


///////////////////////////////////
// Efinity Synthesis Started 
// Aug 02, 2022 15:50:54
///////////////////////////////////

[EFX-0010 VERI-ERROR] syntax error near ':' (VERI-1137) (D:/MIPI_Loopback\mipi_loopback_top.v:286)
[EFX-0010 VERI-ERROR] module 'mipi_loopback_top' is ignored due to previous errors (VERI-1072) (D:/MIPI_Loopback\mipi_loopback_top.v:673)

///////////////////////////////////
// Efinity Synthesis Started 
// Aug 02, 2022 15:52:36
///////////////////////////////////


///////////////////////////////////
// Efinity Synthesis Started 
// Aug 02, 2022 15:56:44
///////////////////////////////////


///////////////////////////////////
// Efinity Synthesis Started 
// Aug 02, 2022 15:59:59
///////////////////////////////////


///////////////////////////////////
// Efinity Synthesis Started 
// Aug 02, 2022 16:00:43
///////////////////////////////////


///////////////////////////////////
// Efinity Synthesis Started 
// Aug 02, 2022 16:11:28
///////////////////////////////////


///////////////////////////////////
// Efinity Synthesis Started 
// Aug 02, 2022 16:43:06
///////////////////////////////////

[EFX-0010 VERI-ERROR] syntax error near 'assign' (VERI-1137) (D:/MIPI_Loopback\video_gen.v:145)
[EFX-0010 VERI-ERROR] Verilog 2000 keyword 'assign' used in incorrect context (VERI-2344) (D:/MIPI_Loopback\video_gen.v:145)
[EFX-0010 VERI-ERROR] module 'video_gen' is ignored due to previous errors (VERI-1072) (D:/MIPI_Loopback\video_gen.v:150)

///////////////////////////////////
// Efinity Synthesis Started 
// Aug 02, 2022 16:43:34
///////////////////////////////////

[EFX-0010 VERI-ERROR] cannot assign a packed type to an unpacked type (VERI-1349) (D:/MIPI_Loopback\video_gen.v:144)
[EFX-0010 VERI-ERROR] module 'video_gen' is ignored due to previous errors (VERI-1072) (D:/MIPI_Loopback\video_gen.v:150)

///////////////////////////////////
// Efinity Synthesis Started 
// Aug 02, 2022 16:55:09
///////////////////////////////////

[EFX-0010 VERI-ERROR] syntax error near ')' (VERI-1137) (D:/MIPI_Loopback\video_gen.v:140)
[EFX-0010 VERI-ERROR] syntax error near ')' (VERI-1137) (D:/MIPI_Loopback\video_gen.v:141)
[EFX-0010 VERI-ERROR] syntax error near ')' (VERI-1137) (D:/MIPI_Loopback\video_gen.v:142)
[EFX-0010 VERI-ERROR] module 'video_gen' is ignored due to previous errors (VERI-1072) (D:/MIPI_Loopback\video_gen.v:145)

///////////////////////////////////
// Efinity Synthesis Started 
// Aug 02, 2022 16:57:40
///////////////////////////////////

[EFX-0010 VERI-ERROR] 'hcount' is not declared (VERI-1128) (D:/MIPI_Loopback\video_gen.v:140)
[EFX-0010 VERI-ERROR] 'hcount' is not declared (VERI-1128) (D:/MIPI_Loopback\video_gen.v:141)
[EFX-0010 VERI-ERROR] 'hcount' is not declared (VERI-1128) (D:/MIPI_Loopback\video_gen.v:142)
[EFX-0010 VERI-ERROR] module 'video_gen' is ignored due to previous errors (VERI-1072) (D:/MIPI_Loopback\video_gen.v:145)

///////////////////////////////////
// Efinity Synthesis Started 
// Aug 02, 2022 16:58:16
///////////////////////////////////


///////////////////////////////////
// Efinity Synthesis Started 
// Aug 02, 2022 17:06:09
///////////////////////////////////


///////////////////////////////////
// Efinity Synthesis Started 
// Aug 02, 2022 17:12:41
///////////////////////////////////


///////////////////////////////////
// Efinity Synthesis Started 
// Aug 02, 2022 18:00:37
///////////////////////////////////


///////////////////////////////////
// Efinity Synthesis Started 
// Aug 02, 2022 18:05:46
///////////////////////////////////

[EFX-0010 VERI-ERROR] cannot index into non-array type wire for 'buffer' (VERI-1011) (D:/MIPI_Loopback\mipi_loopback_top.v:387)
[EFX-0010 VERI-ERROR] cannot index into non-array type wire for 'buffer' (VERI-1011) (D:/MIPI_Loopback\mipi_loopback_top.v:388)
[EFX-0010 VERI-ERROR] 'divider' is not declared (VERI-1128) (D:/MIPI_Loopback\mipi_loopback_top.v:390)
[EFX-0010 VERI-ERROR] 'divider' is not declared (VERI-1128) (D:/MIPI_Loopback\mipi_loopback_top.v:391)
[EFX-0010 VERI-ERROR] 'divider' is not declared (VERI-1128) (D:/MIPI_Loopback\mipi_loopback_top.v:392)
[EFX-0010 VERI-ERROR] module 'mipi_loopback_top' is ignored due to previous errors (VERI-1072) (D:/MIPI_Loopback\mipi_loopback_top.v:780)

///////////////////////////////////
// Efinity Synthesis Started 
// Aug 02, 2022 18:29:45
///////////////////////////////////

[EFX-0010 VERI-ERROR] extra comma in port association list is not allowed (VERI-2523) (D:/MIPI_Loopback\mipi_loopback_top.v:309)
[EFX-0010 VERI-ERROR] module 'mipi_loopback_top' is ignored due to previous errors (VERI-1072) (D:/MIPI_Loopback\mipi_loopback_top.v:708)

///////////////////////////////////
// Efinity Synthesis Started 
// Aug 02, 2022 18:30:10
///////////////////////////////////

[EFX-0010 VERI-ERROR] instantiating unknown module 'true_dual_port_ram' (VERI-1063) (D:/MIPI_Loopback\mipi_loopback_top.v:311)
[EFX-0021 ERROR] Verific elaboration of module 'mipi_loopback_top' failed.

///////////////////////////////////
// Efinity Synthesis Started 
// Aug 02, 2022 18:31:06
///////////////////////////////////


///////////////////////////////////
// Efinity Synthesis Started 
// Aug 02, 2022 18:31:52
///////////////////////////////////


///////////////////////////////////
// Efinity Synthesis Started 
// Aug 02, 2022 19:01:18
///////////////////////////////////


///////////////////////////////////
// Efinity Synthesis Started 
// Aug 03, 2022 10:31:18
///////////////////////////////////


///////////////////////////////////
// Efinity Synthesis Started 
// Aug 03, 2022 10:36:15
///////////////////////////////////


///////////////////////////////////
// Efinity Synthesis Started 
// Aug 03, 2022 11:14:50
///////////////////////////////////

[EFX-0010 VERI-ERROR] illegal character ',' in hexadecimal number 4848'h00, (VERI-1043) 
[EFX-0021 ERROR] Verific elaboration of module 'mipi_loopback_top' failed.

///////////////////////////////////
// Efinity Synthesis Started 
// Aug 03, 2022 11:15:25
///////////////////////////////////


///////////////////////////////////
// Efinity Synthesis Started 
// Aug 03, 2022 11:39:43
///////////////////////////////////

[EFX-0010 VERI-ERROR] 'hcount' is not declared (VERI-1128) (D:/MIPI_Loopback\video_gen.v:141)
[EFX-0010 VERI-ERROR] 'i' is not declared (VERI-1128) (D:/MIPI_Loopback\video_gen.v:169)
[EFX-0010 VERI-ERROR] 'hcount' is not declared (VERI-1128) (D:/MIPI_Loopback\video_gen.v:176)
[EFX-0010 VERI-ERROR] 'hcount' is not declared (VERI-1128) (D:/MIPI_Loopback\video_gen.v:177)
[EFX-0010 VERI-ERROR] 'hcount' is not declared (VERI-1128) (D:/MIPI_Loopback\video_gen.v:178)
[EFX-0010 VERI-ERROR] module 'video_gen' is ignored due to previous errors (VERI-1072) (D:/MIPI_Loopback\video_gen.v:181)

///////////////////////////////////
// Efinity Synthesis Started 
// Aug 03, 2022 11:42:36
///////////////////////////////////

[EFX-0010 VERI-ERROR] 'hcount' is not declared (VERI-1128) (D:/MIPI_Loopback\video_gen.v:141)
[EFX-0010 VERI-ERROR] 'i' is not declared (VERI-1128) (D:/MIPI_Loopback\video_gen.v:169)
[EFX-0010 VERI-ERROR] 'buffer1' is not declared (VERI-1128) (D:/MIPI_Loopback\video_gen.v:176)
[EFX-0010 VERI-ERROR] 'buffer1' is not declared (VERI-1128) (D:/MIPI_Loopback\video_gen.v:177)
[EFX-0010 VERI-ERROR] 'buffer1' is not declared (VERI-1128) (D:/MIPI_Loopback\video_gen.v:178)
[EFX-0010 VERI-ERROR] module 'video_gen' is ignored due to previous errors (VERI-1072) (D:/MIPI_Loopback\video_gen.v:181)

///////////////////////////////////
// Efinity Synthesis Started 
// Aug 03, 2022 11:42:55
///////////////////////////////////

[EFX-0010 VERI-ERROR] 'buffer1' is not declared (VERI-1128) (D:/MIPI_Loopback\video_gen.v:176)
[EFX-0010 VERI-ERROR] 'buffer1' is not declared (VERI-1128) (D:/MIPI_Loopback\video_gen.v:177)
[EFX-0010 VERI-ERROR] 'buffer1' is not declared (VERI-1128) (D:/MIPI_Loopback\video_gen.v:178)
[EFX-0010 VERI-ERROR] module 'video_gen' is ignored due to previous errors (VERI-1072) (D:/MIPI_Loopback\video_gen.v:181)

///////////////////////////////////
// Efinity Synthesis Started 
// Aug 03, 2022 11:43:20
///////////////////////////////////

[EFX-0010 VERI-ERROR] cannot index into non-array type wire for 'buffer1' (VERI-1011) (D:/MIPI_Loopback\video_gen.v:177)
[EFX-0010 VERI-ERROR] cannot index into non-array type wire for 'buffer1' (VERI-1011) (D:/MIPI_Loopback\video_gen.v:178)
[EFX-0010 VERI-ERROR] cannot index into non-array type wire for 'buffer1' (VERI-1011) (D:/MIPI_Loopback\video_gen.v:179)
[EFX-0010 VERI-ERROR] module 'video_gen' is ignored due to previous errors (VERI-1072) (D:/MIPI_Loopback\video_gen.v:182)

///////////////////////////////////
// Efinity Synthesis Started 
// Aug 03, 2022 11:43:37
///////////////////////////////////


///////////////////////////////////
// Efinity Synthesis Started 
// Aug 03, 2022 12:07:51
///////////////////////////////////


///////////////////////////////////
// Efinity Synthesis Started 
// Aug 03, 2022 12:14:30
///////////////////////////////////


///////////////////////////////////
// Efinity Synthesis Started 
// Aug 03, 2022 12:25:12
///////////////////////////////////

[EFX-0010 VERI-ERROR] syntax error near 'reg' (VERI-1137) (D:/MIPI_Loopback\video_gen.v:15)
[EFX-0010 VERI-ERROR] Verilog 2000 keyword 'reg' used in incorrect context (VERI-2344) (D:/MIPI_Loopback\video_gen.v:15)

///////////////////////////////////
// Efinity Synthesis Started 
// Aug 03, 2022 12:25:22
///////////////////////////////////

[EFX-0010 VERI-ERROR] syntax error near 'reg' (VERI-1137) (D:/MIPI_Loopback\video_gen.v:15)
[EFX-0010 VERI-ERROR] Verilog 2000 keyword 'reg' used in incorrect context (VERI-2344) (D:/MIPI_Loopback\video_gen.v:15)

///////////////////////////////////
// Efinity Synthesis Started 
// Aug 03, 2022 12:25:46
///////////////////////////////////


///////////////////////////////////
// Efinity Synthesis Started 
// Aug 03, 2022 12:32:53
///////////////////////////////////

[EFX-0010 VERI-ERROR] syntax error near '=' (VERI-1137) (D:/MIPI_Loopback\video_gen.v:142)
[EFX-0010 VERI-ERROR] module 'video_gen' is ignored due to previous errors (VERI-1072) (D:/MIPI_Loopback\video_gen.v:183)

///////////////////////////////////
// Efinity Synthesis Started 
// Aug 03, 2022 12:36:27
///////////////////////////////////


///////////////////////////////////
// Efinity Synthesis Started 
// Aug 03, 2022 12:36:46
///////////////////////////////////


///////////////////////////////////
// Efinity Synthesis Started 
// Aug 03, 2022 12:40:52
///////////////////////////////////


///////////////////////////////////
// Efinity Synthesis Started 
// Aug 03, 2022 12:45:06
///////////////////////////////////


///////////////////////////////////
// Efinity Synthesis Started 
// Aug 03, 2022 12:50:04
///////////////////////////////////

[EFX-0010 VERI-ERROR] syntax error near 'end' (VERI-1137) (D:/MIPI_Loopback\video_gen.v:150)
[EFX-0010 VERI-ERROR] Verilog 2000 keyword 'end' used in incorrect context (VERI-2344) (D:/MIPI_Loopback\video_gen.v:150)
[EFX-0010 VERI-ERROR] module 'video_gen' is ignored due to previous errors (VERI-1072) (D:/MIPI_Loopback\video_gen.v:185)

///////////////////////////////////
// Efinity Synthesis Started 
// Aug 03, 2022 12:50:13
///////////////////////////////////


///////////////////////////////////
// Efinity Synthesis Started 
// Aug 03, 2022 12:54:16
///////////////////////////////////


///////////////////////////////////
// Efinity Synthesis Started 
// Aug 03, 2022 12:58:21
///////////////////////////////////


///////////////////////////////////
// Efinity Synthesis Started 
// Aug 03, 2022 15:18:14
///////////////////////////////////


///////////////////////////////////
// Efinity Synthesis Started 
// Aug 03, 2022 15:29:39
///////////////////////////////////


///////////////////////////////////
// Efinity Synthesis Started 
// Aug 03, 2022 15:39:11
///////////////////////////////////


///////////////////////////////////
// Efinity Synthesis Started 
// Aug 03, 2022 15:45:01
///////////////////////////////////


///////////////////////////////////
// Efinity Synthesis Started 
// Aug 03, 2022 15:56:52
///////////////////////////////////


///////////////////////////////////
// Efinity Synthesis Started 
// Aug 03, 2022 16:22:24
///////////////////////////////////


///////////////////////////////////
// Efinity Synthesis Started 
// Aug 03, 2022 16:33:04
///////////////////////////////////


///////////////////////////////////
// Efinity Synthesis Started 
// Aug 03, 2022 16:49:14
///////////////////////////////////


///////////////////////////////////
// Efinity Synthesis Started 
// Aug 03, 2022 16:57:46
///////////////////////////////////


///////////////////////////////////
// Efinity Synthesis Started 
// Aug 03, 2022 17:11:57
///////////////////////////////////


///////////////////////////////////
// Efinity Synthesis Started 
// Aug 03, 2022 17:15:00
///////////////////////////////////


///////////////////////////////////
// Efinity Synthesis Started 
// Aug 03, 2022 17:20:52
///////////////////////////////////

[EFX-0010 VERI-ERROR] syntax error near ',' (VERI-1137) (D:/MIPI_Loopback\mipi_loopback_top.v:343)
[EFX-0010 VERI-ERROR] module 'mipi_loopback_top' is ignored due to previous errors (VERI-1072) (D:/MIPI_Loopback\mipi_loopback_top.v:380)

///////////////////////////////////
// Efinity Synthesis Started 
// Aug 03, 2022 17:21:13
///////////////////////////////////

[EFX-0010 VERI-ERROR] syntax error near '}' (VERI-1137) (D:/MIPI_Loopback\mipi_loopback_top.v:343)
[EFX-0010 VERI-ERROR] module 'mipi_loopback_top' is ignored due to previous errors (VERI-1072) (D:/MIPI_Loopback\mipi_loopback_top.v:380)

///////////////////////////////////
// Efinity Synthesis Started 
// Aug 03, 2022 17:21:24
///////////////////////////////////


///////////////////////////////////
// Efinity Synthesis Started 
// Aug 03, 2022 18:11:42
///////////////////////////////////


///////////////////////////////////
// Efinity Synthesis Started 
// Aug 06, 2022 12:35:07
///////////////////////////////////

